\BOOKMARK [1][-]{section.1}{Zielbestimmung}{}% 1
\BOOKMARK [2][-]{subsection.1.1}{Musskriterien}{section.1}% 2
\BOOKMARK [2][-]{subsection.1.2}{Wunschkriterien}{section.1}% 3
\BOOKMARK [2][-]{subsection.1.3}{Abgrenzungskriterien}{section.1}% 4
\BOOKMARK [1][-]{section.2}{Produkteinsatz}{}% 5
\BOOKMARK [2][-]{subsection.2.1}{Anwendungsbereiche}{section.2}% 6
\BOOKMARK [2][-]{subsection.2.2}{Zielgruppen}{section.2}% 7
\BOOKMARK [2][-]{subsection.2.3}{Betriebsbedingungen}{section.2}% 8
\BOOKMARK [1][-]{section.3}{Produkt\374bersicht}{}% 9
\BOOKMARK [2][-]{subsection.3.1}{Use Case Analyse}{section.3}% 10
\BOOKMARK [2][-]{subsection.3.2}{Use Cases in grafischer Darstellung}{section.3}% 11
\BOOKMARK [1][-]{section.4}{Produktfunktionen}{}% 12
\BOOKMARK [1][-]{section.5}{Produktdaten}{}% 13
\BOOKMARK [1][-]{section.6}{Produktleistungen}{}% 14
\BOOKMARK [1][-]{section.7}{Qualit\344tsanforderungen}{}% 15
\BOOKMARK [1][-]{section.8}{Benutzeroberfl\344che}{}% 16
\BOOKMARK [1][-]{section.9}{Nichtfunktionale Anforderungen}{}% 17
\BOOKMARK [1][-]{section.10}{Technische Produktumgebung}{}% 18
\BOOKMARK [2][-]{subsection.10.1}{Software}{section.10}% 19
\BOOKMARK [2][-]{subsection.10.2}{Hardware}{section.10}% 20
\BOOKMARK [2][-]{subsection.10.3}{Orgware}{section.10}% 21
\BOOKMARK [2][-]{subsection.10.4}{Produkt-Schnittstellen}{section.10}% 22
\BOOKMARK [1][-]{section.11}{Spezielle Anforderungen an die Entwicklungs-Umgebung}{}% 23
\BOOKMARK [2][-]{subsection.11.1}{Software}{section.11}% 24
\BOOKMARK [2][-]{subsection.11.2}{Hardware}{section.11}% 25
\BOOKMARK [2][-]{subsection.11.3}{Orgware}{section.11}% 26
\BOOKMARK [2][-]{subsection.11.4}{Entwicklungs-Schnittstellen}{section.11}% 27
\BOOKMARK [1][-]{section.12}{Gliederung in Teilprodukte}{}% 28
\BOOKMARK [2][-]{subsection.12.1}{Prototyp ohne UI}{section.12}% 29
\BOOKMARK [2][-]{subsection.12.2}{Erweiterter Simulationsprotyp mit UI}{section.12}% 30
\BOOKMARK [2][-]{subsection.12.3}{Produktive Anwendung}{section.12}% 31
\BOOKMARK [2][-]{subsection.12.4}{Sicherheitskonzept}{section.12}% 32
\BOOKMARK [2][-]{subsection.12.5}{Back-Up Planung}{section.12}% 33
\BOOKMARK [2][-]{subsection.12.6}{User Expirience und User Interface}{section.12}% 34
\BOOKMARK [2][-]{subsection.12.7}{Maintenance}{section.12}% 35
\BOOKMARK [1][-]{section.13}{Erg\344nzungen}{}% 36
\BOOKMARK [1][-]{appendix.A}{Begriffsdefinitionen}{}% 37
\BOOKMARK [1][-]{appendix.B}{Abk\374rzungen}{}% 38
\BOOKMARK [1][-]{appendix.C}{Modelle}{}% 39
\BOOKMARK [2][-]{subsection.C.1}{Gesch\344ftsprozesse}{appendix.C}% 40
\BOOKMARK [2][-]{subsection.C.2}{Data Flow Diagramm}{appendix.C}% 41
\BOOKMARK [2][-]{subsection.C.3}{Structured Analysis}{appendix.C}% 42
\BOOKMARK [1][-]{appendix.D}{Qualit\344tsmerkmale}{}% 43
\BOOKMARK [1][-]{appendix.E}{Aufwandsabsch\344tzung}{}% 44
